[32m2024-02-13 11:00:46 - INFO - Howdy!0[0m
[33m2024-02-13 11:00:46 - WARNING - Howdy!0[0m
[31m2024-02-13 11:00:46 - ERROR - Howdy!0[0m
[31m[47m2024-02-13 11:00:46 - CRITICAL - Howdy!0[0m
[32m2024-02-13 11:00:47 - INFO - Howdy!1[0m
[33m2024-02-13 11:00:47 - WARNING - Howdy!1[0m
[31m2024-02-13 11:00:47 - ERROR - Howdy!1[0m
[31m[47m2024-02-13 11:00:47 - CRITICAL - Howdy!1[0m
[32m2024-02-13 11:00:47 - INFO - Howdy!2[0m
[33m2024-02-13 11:00:47 - WARNING - Howdy!2[0m
[31m2024-02-13 11:00:47 - ERROR - Howdy!2[0m
[31m[47m2024-02-13 11:00:47 - CRITICAL - Howdy!2[0m
[36m2024-02-13 11:00:50 - DEBUG - Howdy!0[0m
[32m2024-02-13 11:00:50 - INFO - Howdy!0[0m
[33m2024-02-13 11:00:50 - WARNING - Howdy!0[0m
[31m2024-02-13 11:00:50 - ERROR - Howdy!0[0m
[31m[47m2024-02-13 11:00:50 - CRITICAL - Howdy!0[0m
[36m2024-02-13 11:00:51 - DEBUG - Howdy!1[0m
[32m2024-02-13 11:00:51 - INFO - Howdy!1[0m
[33m2024-02-13 11:00:51 - WARNING - Howdy!1[0m
[31m2024-02-13 11:00:51 - ERROR - Howdy!1[0m
[31m[47m2024-02-13 11:00:51 - CRITICAL - Howdy!1[0m
[36m2024-02-13 11:00:51 - DEBUG - Howdy!2[0m
[32m2024-02-13 11:00:51 - INFO - Howdy!2[0m
[33m2024-02-13 11:00:51 - WARNING - Howdy!2[0m
[31m2024-02-13 11:00:51 - ERROR - Howdy!2[0m
[31m[47m2024-02-13 11:00:51 - CRITICAL - Howdy!2[0m
[33m2024-02-13 11:00:52 - WARNING - Howdy!0[0m
[31m2024-02-13 11:00:52 - ERROR - Howdy!0[0m
[31m[47m2024-02-13 11:00:52 - CRITICAL - Howdy!0[0m
[33m2024-02-13 11:00:52 - WARNING - Howdy!1[0m
[31m2024-02-13 11:00:52 - ERROR - Howdy!1[0m
[31m[47m2024-02-13 11:00:52 - CRITICAL - Howdy!1[0m
[33m2024-02-13 11:00:52 - WARNING - Howdy!2[0m
[31m2024-02-13 11:00:52 - ERROR - Howdy!2[0m
[31m[47m2024-02-13 11:00:52 - CRITICAL - Howdy!2[0m
[31m2024-02-13 11:00:53 - ERROR - Howdy!0[0m
[31m[47m2024-02-13 11:00:53 - CRITICAL - Howdy!0[0m
[31m2024-02-13 11:00:53 - ERROR - Howdy!1[0m
[31m[47m2024-02-13 11:00:53 - CRITICAL - Howdy!1[0m
[31m2024-02-13 11:00:53 - ERROR - Howdy!2[0m
[31m[47m2024-02-13 11:00:53 - CRITICAL - Howdy!2[0m
[31m[47m2024-02-13 11:00:54 - CRITICAL - Howdy!0[0m
[31m[47m2024-02-13 11:00:54 - CRITICAL - Howdy!1[0m
[31m[47m2024-02-13 11:00:54 - CRITICAL - Howdy!2[0m
[31m[47m2024-02-13 11:04:21 - CRITICAL - Howdy!0[0m
[31m[47m2024-02-13 11:04:21 - CRITICAL - Howdy!1[0m
[31m[47m2024-02-13 11:04:21 - CRITICAL - Howdy!2[0m
[33m2024-02-13 16:13:28 - WARNING - Howdy!0[0m
[31m2024-02-13 16:13:28 - ERROR - Howdy!0[0m
[31m[47m2024-02-13 16:13:28 - CRITICAL - Howdy!0[0m
[33m2024-02-13 16:13:28 - WARNING - Howdy!1[0m
[31m2024-02-13 16:13:28 - ERROR - Howdy!1[0m
[31m[47m2024-02-13 16:13:28 - CRITICAL - Howdy!1[0m
[33m2024-02-13 16:13:28 - WARNING - Howdy!2[0m
[31m2024-02-13 16:13:28 - ERROR - Howdy!2[0m
[31m[47m2024-02-13 16:13:28 - CRITICAL - Howdy!2[0m
